c:\users\admin\desktop\c++小学期\myrobotwar\myrobotwar\debug\vc141.pdb
c:\users\admin\desktop\c++小学期\myrobotwar\myrobotwar\debug\vc141.idb
c:\users\admin\desktop\c++小学期\myrobotwar\myrobotwar\debug\view.obj
c:\users\admin\desktop\c++小学期\myrobotwar\myrobotwar\debug\viewmodelsink.obj
c:\users\admin\desktop\c++小学期\myrobotwar\myrobotwar\debug\viewmodel.obj
c:\users\admin\desktop\c++小学期\myrobotwar\myrobotwar\debug\command.obj
c:\users\admin\desktop\c++小学期\myrobotwar\myrobotwar\debug\test.obj
c:\users\admin\desktop\c++小学期\myrobotwar\myrobotwar\debug\pch.obj
c:\users\admin\desktop\c++小学期\myrobotwar\myrobotwar\debug\robotlist.obj
c:\users\admin\desktop\c++小学期\myrobotwar\myrobotwar\debug\robotdata.obj
c:\users\admin\desktop\c++小学期\myrobotwar\myrobotwar\debug\model.obj
c:\users\admin\desktop\c++小学期\myrobotwar\myrobotwar\debug\gamemap.obj
c:\users\admin\desktop\c++小学期\myrobotwar\myrobotwar\debug\fileio.obj
c:\users\admin\desktop\c++小学期\myrobotwar\myrobotwar\debug\fightingjudgement.obj
c:\users\admin\desktop\c++小学期\myrobotwar\myrobotwar\debug\computerlogic.obj
c:\users\admin\desktop\c++小学期\myrobotwar\myrobotwar\debug\common.obj
c:\users\admin\desktop\c++小学期\myrobotwar\myrobotwar\debug\app.obj
c:\users\admin\desktop\c++小学期\myrobotwar\debug\myrobotwar.exe
c:\users\admin\desktop\c++小学期\myrobotwar\debug\myrobotwar.ilk
c:\users\admin\desktop\c++小学期\myrobotwar\debug\myrobotwar.pdb
c:\users\admin\desktop\c++小学期\myrobotwar\myrobotwar\debug\myrobotwar.tlog\cl.command.1.tlog
c:\users\admin\desktop\c++小学期\myrobotwar\myrobotwar\debug\myrobotwar.tlog\cl.read.1.tlog
c:\users\admin\desktop\c++小学期\myrobotwar\myrobotwar\debug\myrobotwar.tlog\cl.write.1.tlog
c:\users\admin\desktop\c++小学期\myrobotwar\myrobotwar\debug\myrobotwar.tlog\link.command.1.tlog
c:\users\admin\desktop\c++小学期\myrobotwar\myrobotwar\debug\myrobotwar.tlog\link.read.1.tlog
c:\users\admin\desktop\c++小学期\myrobotwar\myrobotwar\debug\myrobotwar.tlog\link.write.1.tlog
